2023-06-21T06:43:07.008-03:00  INFO 7716 --- [restartedMain] c.megabares.api.ApiMegabaresApplication  : Starting ApiMegabaresApplication using Java 17 with PID 7716 (F:\user\Documents\dev\Proyectos\api-megabares\api\target\classes started by Francisco in F:\user\Documents\dev\Proyectos\api-megabares\api)
2023-06-21T06:43:07.025-03:00  INFO 7716 --- [restartedMain] c.megabares.api.ApiMegabaresApplication  : No active profile set, falling back to 1 default profile: "default"
2023-06-21T06:43:07.104-03:00  INFO 7716 --- [restartedMain] .e.DevToolsPropertyDefaultsPostProcessor : Devtools property defaults active! Set 'spring.devtools.add-properties' to 'false' to disable
2023-06-21T06:43:07.104-03:00  INFO 7716 --- [restartedMain] .e.DevToolsPropertyDefaultsPostProcessor : For additional web related logging consider setting the 'logging.level.web' property to 'DEBUG'
2023-06-21T06:43:08.234-03:00  INFO 7716 --- [restartedMain] .s.d.r.c.RepositoryConfigurationDelegate : Multiple Spring Data modules found, entering strict repository configuration mode
2023-06-21T06:43:08.237-03:00  INFO 7716 --- [restartedMain] .s.d.r.c.RepositoryConfigurationDelegate : Bootstrapping Spring Data JDBC repositories in DEFAULT mode.
2023-06-21T06:43:08.288-03:00  INFO 7716 --- [restartedMain] .RepositoryConfigurationExtensionSupport : Spring Data JDBC - Could not safely identify store assignment for repository candidate interface com.megabares.api.repositories.ClienteRepository; If you want this repository to be a JDBC repository, consider annotating your entities with one of these annotations: org.springframework.data.relational.core.mapping.Table.
2023-06-21T06:43:08.291-03:00  INFO 7716 --- [restartedMain] .RepositoryConfigurationExtensionSupport : Spring Data JDBC - Could not safely identify store assignment for repository candidate interface com.megabares.api.repositories.CobroRepository; If you want this repository to be a JDBC repository, consider annotating your entities with one of these annotations: org.springframework.data.relational.core.mapping.Table.
2023-06-21T06:43:08.292-03:00  INFO 7716 --- [restartedMain] .RepositoryConfigurationExtensionSupport : Spring Data JDBC - Could not safely identify store assignment for repository candidate interface com.megabares.api.repositories.EmailRepository; If you want this repository to be a JDBC repository, consider annotating your entities with one of these annotations: org.springframework.data.relational.core.mapping.Table.
2023-06-21T06:43:08.295-03:00  INFO 7716 --- [restartedMain] .RepositoryConfigurationExtensionSupport : Spring Data JDBC - Could not safely identify store assignment for repository candidate interface com.megabares.api.repositories.ModuloRepository; If you want this repository to be a JDBC repository, consider annotating your entities with one of these annotations: org.springframework.data.relational.core.mapping.Table.
2023-06-21T06:43:08.296-03:00  INFO 7716 --- [restartedMain] .RepositoryConfigurationExtensionSupport : Spring Data JDBC - Could not safely identify store assignment for repository candidate interface com.megabares.api.repositories.PeriodoRepository; If you want this repository to be a JDBC repository, consider annotating your entities with one of these annotations: org.springframework.data.relational.core.mapping.Table.
2023-06-21T06:43:08.297-03:00  INFO 7716 --- [restartedMain] .s.d.r.c.RepositoryConfigurationDelegate : Finished Spring Data repository scanning in 53 ms. Found 0 JDBC repository interfaces.
2023-06-21T06:43:08.312-03:00  INFO 7716 --- [restartedMain] .s.d.r.c.RepositoryConfigurationDelegate : Multiple Spring Data modules found, entering strict repository configuration mode
2023-06-21T06:43:08.314-03:00  INFO 7716 --- [restartedMain] .s.d.r.c.RepositoryConfigurationDelegate : Bootstrapping Spring Data JPA repositories in DEFAULT mode.
2023-06-21T06:43:08.381-03:00  INFO 7716 --- [restartedMain] .s.d.r.c.RepositoryConfigurationDelegate : Finished Spring Data repository scanning in 61 ms. Found 5 JPA repository interfaces.
2023-06-21T06:43:09.613-03:00  INFO 7716 --- [restartedMain] o.s.b.w.embedded.tomcat.TomcatWebServer  : Tomcat initialized with port(s): 8097 (http)
2023-06-21T06:43:09.627-03:00  INFO 7716 --- [restartedMain] o.apache.catalina.core.StandardService   : Starting service [Tomcat]
2023-06-21T06:43:09.628-03:00  INFO 7716 --- [restartedMain] o.apache.catalina.core.StandardEngine    : Starting Servlet engine: [Apache Tomcat/10.1.4]
2023-06-21T06:43:09.715-03:00  INFO 7716 --- [restartedMain] o.a.c.c.C.[.[localhost].[/mega-api]      : Initializing Spring embedded WebApplicationContext
2023-06-21T06:43:09.715-03:00  INFO 7716 --- [restartedMain] w.s.c.ServletWebServerApplicationContext : Root WebApplicationContext: initialization completed in 2609 ms
2023-06-21T06:43:09.895-03:00  INFO 7716 --- [restartedMain] com.zaxxer.hikari.HikariDataSource       : HikariPool-1 - Starting...
2023-06-21T06:43:10.437-03:00  INFO 7716 --- [restartedMain] com.zaxxer.hikari.pool.HikariPool        : HikariPool-1 - Added connection com.mysql.cj.jdbc.ConnectionImpl@70ef433d
2023-06-21T06:43:10.440-03:00  INFO 7716 --- [restartedMain] com.zaxxer.hikari.HikariDataSource       : HikariPool-1 - Start completed.
2023-06-21T06:43:11.149-03:00  INFO 7716 --- [restartedMain] SQL dialect                              : HHH000400: Using dialect: org.hibernate.dialect.MySQLDialect
2023-06-21T06:43:12.357-03:00  INFO 7716 --- [restartedMain] j.LocalContainerEntityManagerFactoryBean : Initialized JPA EntityManagerFactory for persistence unit 'default'
2023-06-21T06:43:13.713-03:00  WARN 7716 --- [restartedMain] JpaBaseConfiguration$JpaWebConfiguration : spring.jpa.open-in-view is enabled by default. Therefore, database queries may be performed during view rendering. Explicitly configure spring.jpa.open-in-view to disable this warning
2023-06-21T06:43:14.587-03:00  INFO 7716 --- [restartedMain] o.s.b.d.a.OptionalLiveReloadServer       : LiveReload server is running on port 35729
2023-06-21T06:43:14.689-03:00  INFO 7716 --- [restartedMain] o.s.b.w.embedded.tomcat.TomcatWebServer  : Tomcat started on port(s): 8097 (http) with context path '/mega-api'
2023-06-21T06:43:14.710-03:00  INFO 7716 --- [restartedMain] c.megabares.api.ApiMegabaresApplication  : Started ApiMegabaresApplication in 8.52 seconds (process running for 9.399)
2023-06-21T06:43:24.726-03:00  INFO 7716 --- [scheduling-1] com.megabares.api.util.EmailProcess      : monitoreo...
2023-06-21T06:43:24.727-03:00  INFO 7716 --- [scheduling-1] com.megabares.api.util.EmailProcess      : processEmails...
2023-06-21T06:43:25.421-03:00  INFO 7716 --- [scheduling-1] com.megabares.api.util.EmailProcess      : Procesando Pago... - subject: Recibiste un pago por Plan Básico + Mod.Fiscal - received: Tue Jun 13 13:53:22 ART 2023
2023-06-21T06:43:25.717-03:00  INFO 7716 --- [scheduling-1] com.megabares.api.util.EmailProcess      : Email cliente: contacto@chefguru.com.ar
2023-06-21T06:43:25.721-03:00  INFO 7716 --- [scheduling-1] com.megabares.api.util.EmailProcess      : Teléfono cliente: N/A
2023-06-21T06:43:25.723-03:00  INFO 7716 --- [scheduling-1] com.megabares.api.util.EmailProcess      : Total acreditado: 2891.40
2023-06-21T06:43:25.760-03:00  INFO 7716 --- [scheduling-1] com.megabares.api.util.EmailProcess      : Referencia de Pago: 59279917771
2023-06-21T06:43:25.802-03:00  INFO 7716 --- [scheduling-1] com.megabares.api.util.EmailProcess      : Referencia Megabares: LIC002
2023-06-21T06:43:26.494-03:00 ERROR 7716 --- [scheduling-1] o.h.engine.jdbc.spi.SqlExceptionHelper   : Duplicate entry '0' for key 'numero'
2023-06-21T06:43:26.504-03:00 ERROR 7716 --- [scheduling-1] com.megabares.api.util.EmailProcess      : Error al procesar envio/pago de dinero

org.springframework.dao.DataIntegrityViolationException: could not execute statement; SQL [n/a]; constraint [numero]
	at org.springframework.orm.jpa.vendor.HibernateJpaDialect.convertHibernateAccessException(HibernateJpaDialect.java:270) ~[spring-orm-6.0.3.jar:6.0.3]
	at org.springframework.orm.jpa.vendor.HibernateJpaDialect.translateExceptionIfPossible(HibernateJpaDialect.java:233) ~[spring-orm-6.0.3.jar:6.0.3]
	at org.springframework.orm.jpa.AbstractEntityManagerFactoryBean.translateExceptionIfPossible(AbstractEntityManagerFactoryBean.java:550) ~[spring-orm-6.0.3.jar:6.0.3]
	at org.springframework.dao.support.ChainedPersistenceExceptionTranslator.translateExceptionIfPossible(ChainedPersistenceExceptionTranslator.java:61) ~[spring-tx-6.0.3.jar:6.0.3]
	at org.springframework.dao.support.DataAccessUtils.translateIfNecessary(DataAccessUtils.java:242) ~[spring-tx-6.0.3.jar:6.0.3]
	at org.springframework.dao.support.PersistenceExceptionTranslationInterceptor.invoke(PersistenceExceptionTranslationInterceptor.java:152) ~[spring-tx-6.0.3.jar:6.0.3]
	at org.springframework.aop.framework.ReflectiveMethodInvocation.proceed(ReflectiveMethodInvocation.java:184) ~[spring-aop-6.0.3.jar:6.0.3]
	at org.springframework.data.jpa.repository.support.CrudMethodMetadataPostProcessor$CrudMethodMetadataPopulatingMethodInterceptor.invoke(CrudMethodMetadataPostProcessor.java:163) ~[spring-data-jpa-3.0.0.jar:3.0.0]
	at org.springframework.aop.framework.ReflectiveMethodInvocation.proceed(ReflectiveMethodInvocation.java:184) ~[spring-aop-6.0.3.jar:6.0.3]
	at org.springframework.aop.interceptor.ExposeInvocationInterceptor.invoke(ExposeInvocationInterceptor.java:97) ~[spring-aop-6.0.3.jar:6.0.3]
	at org.springframework.aop.framework.ReflectiveMethodInvocation.proceed(ReflectiveMethodInvocation.java:184) ~[spring-aop-6.0.3.jar:6.0.3]
	at org.springframework.aop.framework.JdkDynamicAopProxy.invoke(JdkDynamicAopProxy.java:218) ~[spring-aop-6.0.3.jar:6.0.3]
	at jdk.proxy4/jdk.proxy4.$Proxy132.saveAndFlush(Unknown Source) ~[na:na]
	at com.megabares.api.util.EmailProcess.crearPeriodoPago(EmailProcess.java:717) ~[classes/:na]
	at com.megabares.api.util.EmailProcess.procesarPago(EmailProcess.java:1029) ~[classes/:na]
	at com.megabares.api.util.EmailProcess.processEmails(EmailProcess.java:247) ~[classes/:na]
	at com.megabares.api.util.EmailProcess.monitor(EmailProcess.java:134) ~[classes/:na]
	at com.megabares.api.service.MailProcess.tarea3(MailProcess.java:28) ~[classes/:na]
	at java.base/jdk.internal.reflect.NativeMethodAccessorImpl.invoke0(Native Method) ~[na:na]
	at java.base/jdk.internal.reflect.NativeMethodAccessorImpl.invoke(NativeMethodAccessorImpl.java:77) ~[na:na]
	at java.base/jdk.internal.reflect.DelegatingMethodAccessorImpl.invoke(DelegatingMethodAccessorImpl.java:43) ~[na:na]
	at java.base/java.lang.reflect.Method.invoke(Method.java:568) ~[na:na]
	at org.springframework.scheduling.support.ScheduledMethodRunnable.run(ScheduledMethodRunnable.java:84) ~[spring-context-6.0.3.jar:6.0.3]
	at org.springframework.scheduling.support.DelegatingErrorHandlingRunnable.run(DelegatingErrorHandlingRunnable.java:54) ~[spring-context-6.0.3.jar:6.0.3]
	at java.base/java.util.concurrent.Executors$RunnableAdapter.call(Executors.java:539) ~[na:na]
	at java.base/java.util.concurrent.FutureTask.runAndReset(FutureTask.java:305) ~[na:na]
	at java.base/java.util.concurrent.ScheduledThreadPoolExecutor$ScheduledFutureTask.run(ScheduledThreadPoolExecutor.java:305) ~[na:na]
	at java.base/java.util.concurrent.ThreadPoolExecutor.runWorker(ThreadPoolExecutor.java:1136) ~[na:na]
	at java.base/java.util.concurrent.ThreadPoolExecutor$Worker.run(ThreadPoolExecutor.java:635) ~[na:na]
	at java.base/java.lang.Thread.run(Thread.java:833) ~[na:na]
Caused by: org.hibernate.exception.ConstraintViolationException: could not execute statement
	at org.hibernate.exception.internal.SQLExceptionTypeDelegate.convert(SQLExceptionTypeDelegate.java:60) ~[hibernate-core-6.1.6.Final.jar:6.1.6.Final]
	at org.hibernate.exception.internal.StandardSQLExceptionConverter.convert(StandardSQLExceptionConverter.java:56) ~[hibernate-core-6.1.6.Final.jar:6.1.6.Final]
	at org.hibernate.engine.jdbc.spi.SqlExceptionHelper.convert(SqlExceptionHelper.java:109) ~[hibernate-core-6.1.6.Final.jar:6.1.6.Final]
	at org.hibernate.engine.jdbc.spi.SqlExceptionHelper.convert(SqlExceptionHelper.java:95) ~[hibernate-core-6.1.6.Final.jar:6.1.6.Final]
	at org.hibernate.engine.jdbc.internal.ResultSetReturnImpl.executeUpdate(ResultSetReturnImpl.java:200) ~[hibernate-core-6.1.6.Final.jar:6.1.6.Final]
	at org.hibernate.dialect.identity.GetGeneratedKeysDelegate.executeAndExtract(GetGeneratedKeysDelegate.java:57) ~[hibernate-core-6.1.6.Final.jar:6.1.6.Final]
	at org.hibernate.id.insert.AbstractReturningDelegate.performInsert(AbstractReturningDelegate.java:42) ~[hibernate-core-6.1.6.Final.jar:6.1.6.Final]
	at org.hibernate.persister.entity.AbstractEntityPersister.insert(AbstractEntityPersister.java:3327) ~[hibernate-core-6.1.6.Final.jar:6.1.6.Final]
	at org.hibernate.persister.entity.AbstractEntityPersister.insert(AbstractEntityPersister.java:3965) ~[hibernate-core-6.1.6.Final.jar:6.1.6.Final]
	at org.hibernate.action.internal.EntityIdentityInsertAction.execute(EntityIdentityInsertAction.java:80) ~[hibernate-core-6.1.6.Final.jar:6.1.6.Final]
	at org.hibernate.engine.spi.ActionQueue.execute(ActionQueue.java:653) ~[hibernate-core-6.1.6.Final.jar:6.1.6.Final]
	at org.hibernate.engine.spi.ActionQueue.addResolvedEntityInsertAction(ActionQueue.java:283) ~[hibernate-core-6.1.6.Final.jar:6.1.6.Final]
	at org.hibernate.engine.spi.ActionQueue.addInsertAction(ActionQueue.java:264) ~[hibernate-core-6.1.6.Final.jar:6.1.6.Final]
	at org.hibernate.engine.spi.ActionQueue.addAction(ActionQueue.java:322) ~[hibernate-core-6.1.6.Final.jar:6.1.6.Final]
	at org.hibernate.event.internal.AbstractSaveEventListener.addInsertAction(AbstractSaveEventListener.java:340) ~[hibernate-core-6.1.6.Final.jar:6.1.6.Final]
	at org.hibernate.event.internal.AbstractSaveEventListener.performSaveOrReplicate(AbstractSaveEventListener.java:286) ~[hibernate-core-6.1.6.Final.jar:6.1.6.Final]
	at org.hibernate.event.internal.AbstractSaveEventListener.performSave(AbstractSaveEventListener.java:192) ~[hibernate-core-6.1.6.Final.jar:6.1.6.Final]
	at org.hibernate.event.internal.AbstractSaveEventListener.saveWithGeneratedId(AbstractSaveEventListener.java:122) ~[hibernate-core-6.1.6.Final.jar:6.1.6.Final]
	at org.hibernate.event.internal.DefaultPersistEventListener.entityIsTransient(DefaultPersistEventListener.java:184) ~[hibernate-core-6.1.6.Final.jar:6.1.6.Final]
	at org.hibernate.event.internal.DefaultPersistEventListener.onPersist(DefaultPersistEventListener.java:129) ~[hibernate-core-6.1.6.Final.jar:6.1.6.Final]
	at org.hibernate.event.internal.DefaultPersistEventListener.onPersist(DefaultPersistEventListener.java:53) ~[hibernate-core-6.1.6.Final.jar:6.1.6.Final]
	at org.hibernate.event.service.internal.EventListenerGroupImpl.fireEventOnEachListener(EventListenerGroupImpl.java:107) ~[hibernate-core-6.1.6.Final.jar:6.1.6.Final]
	at org.hibernate.internal.SessionImpl.firePersist(SessionImpl.java:737) ~[hibernate-core-6.1.6.Final.jar:6.1.6.Final]
	at org.hibernate.internal.SessionImpl.persist(SessionImpl.java:721) ~[hibernate-core-6.1.6.Final.jar:6.1.6.Final]
	at java.base/jdk.internal.reflect.NativeMethodAccessorImpl.invoke0(Native Method) ~[na:na]
	at java.base/jdk.internal.reflect.NativeMethodAccessorImpl.invoke(NativeMethodAccessorImpl.java:77) ~[na:na]
	at java.base/jdk.internal.reflect.DelegatingMethodAccessorImpl.invoke(DelegatingMethodAccessorImpl.java:43) ~[na:na]
	at java.base/java.lang.reflect.Method.invoke(Method.java:568) ~[na:na]
	at org.springframework.orm.jpa.SharedEntityManagerCreator$SharedEntityManagerInvocationHandler.invoke(SharedEntityManagerCreator.java:307) ~[spring-orm-6.0.3.jar:6.0.3]
	at jdk.proxy4/jdk.proxy4.$Proxy121.persist(Unknown Source) ~[na:na]
	at org.springframework.data.jpa.repository.support.SimpleJpaRepository.save(SimpleJpaRepository.java:610) ~[spring-data-jpa-3.0.0.jar:3.0.0]
	at org.springframework.data.jpa.repository.support.SimpleJpaRepository.saveAndFlush(SimpleJpaRepository.java:621) ~[spring-data-jpa-3.0.0.jar:3.0.0]
	at java.base/jdk.internal.reflect.NativeMethodAccessorImpl.invoke0(Native Method) ~[na:na]
	at java.base/jdk.internal.reflect.NativeMethodAccessorImpl.invoke(NativeMethodAccessorImpl.java:77) ~[na:na]
	at java.base/jdk.internal.reflect.DelegatingMethodAccessorImpl.invoke(DelegatingMethodAccessorImpl.java:43) ~[na:na]
	at java.base/java.lang.reflect.Method.invoke(Method.java:568) ~[na:na]
	at org.springframework.data.repository.core.support.RepositoryMethodInvoker$RepositoryFragmentMethodInvoker.lambda$new$0(RepositoryMethodInvoker.java:288) ~[spring-data-commons-3.0.0.jar:3.0.0]
	at org.springframework.data.repository.core.support.RepositoryMethodInvoker.doInvoke(RepositoryMethodInvoker.java:136) ~[spring-data-commons-3.0.0.jar:3.0.0]
	at org.springframework.data.repository.core.support.RepositoryMethodInvoker.invoke(RepositoryMethodInvoker.java:120) ~[spring-data-commons-3.0.0.jar:3.0.0]
	at org.springframework.data.repository.core.support.RepositoryComposition$RepositoryFragments.invoke(RepositoryComposition.java:516) ~[spring-data-commons-3.0.0.jar:3.0.0]
	at org.springframework.data.repository.core.support.RepositoryComposition.invoke(RepositoryComposition.java:285) ~[spring-data-commons-3.0.0.jar:3.0.0]
	at org.springframework.data.repository.core.support.RepositoryFactorySupport$ImplementationMethodExecutionInterceptor.invoke(RepositoryFactorySupport.java:628) ~[spring-data-commons-3.0.0.jar:3.0.0]
	at org.springframework.aop.framework.ReflectiveMethodInvocation.proceed(ReflectiveMethodInvocation.java:184) ~[spring-aop-6.0.3.jar:6.0.3]
	at org.springframework.data.repository.core.support.QueryExecutorMethodInterceptor.doInvoke(QueryExecutorMethodInterceptor.java:168) ~[spring-data-commons-3.0.0.jar:3.0.0]
	at org.springframework.data.repository.core.support.QueryExecutorMethodInterceptor.invoke(QueryExecutorMethodInterceptor.java:143) ~[spring-data-commons-3.0.0.jar:3.0.0]
	at org.springframework.aop.framework.ReflectiveMethodInvocation.proceed(ReflectiveMethodInvocation.java:184) ~[spring-aop-6.0.3.jar:6.0.3]
	at org.springframework.data.projection.DefaultMethodInvokingMethodInterceptor.invoke(DefaultMethodInvokingMethodInterceptor.java:77) ~[spring-data-commons-3.0.0.jar:3.0.0]
	at org.springframework.aop.framework.ReflectiveMethodInvocation.proceed(ReflectiveMethodInvocation.java:184) ~[spring-aop-6.0.3.jar:6.0.3]
	at org.springframework.transaction.interceptor.TransactionInterceptor$1.proceedWithInvocation(TransactionInterceptor.java:123) ~[spring-tx-6.0.3.jar:6.0.3]
	at org.springframework.transaction.interceptor.TransactionAspectSupport.invokeWithinTransaction(TransactionAspectSupport.java:388) ~[spring-tx-6.0.3.jar:6.0.3]
	at org.springframework.transaction.interceptor.TransactionInterceptor.invoke(TransactionInterceptor.java:119) ~[spring-tx-6.0.3.jar:6.0.3]
	at org.springframework.aop.framework.ReflectiveMethodInvocation.proceed(ReflectiveMethodInvocation.java:184) ~[spring-aop-6.0.3.jar:6.0.3]
	at org.springframework.dao.support.PersistenceExceptionTranslationInterceptor.invoke(PersistenceExceptionTranslationInterceptor.java:137) ~[spring-tx-6.0.3.jar:6.0.3]
	... 24 common frames omitted
Caused by: java.sql.SQLIntegrityConstraintViolationException: Duplicate entry '0' for key 'numero'
	at com.mysql.cj.jdbc.exceptions.SQLError.createSQLException(SQLError.java:117) ~[mysql-connector-j-8.0.32.jar:8.0.32]
	at com.mysql.cj.jdbc.exceptions.SQLExceptionsMapping.translateException(SQLExceptionsMapping.java:122) ~[mysql-connector-j-8.0.32.jar:8.0.32]
	at com.mysql.cj.jdbc.ClientPreparedStatement.executeInternal(ClientPreparedStatement.java:916) ~[mysql-connector-j-8.0.32.jar:8.0.32]
	at com.mysql.cj.jdbc.ClientPreparedStatement.executeUpdateInternal(ClientPreparedStatement.java:1061) ~[mysql-connector-j-8.0.32.jar:8.0.32]
	at com.mysql.cj.jdbc.ClientPreparedStatement.executeUpdateInternal(ClientPreparedStatement.java:1009) ~[mysql-connector-j-8.0.32.jar:8.0.32]
	at com.mysql.cj.jdbc.ClientPreparedStatement.executeLargeUpdate(ClientPreparedStatement.java:1320) ~[mysql-connector-j-8.0.32.jar:8.0.32]
	at com.mysql.cj.jdbc.ClientPreparedStatement.executeUpdate(ClientPreparedStatement.java:994) ~[mysql-connector-j-8.0.32.jar:8.0.32]
	at com.zaxxer.hikari.pool.ProxyPreparedStatement.executeUpdate(ProxyPreparedStatement.java:61) ~[HikariCP-5.0.1.jar:na]
	at com.zaxxer.hikari.pool.HikariProxyPreparedStatement.executeUpdate(HikariProxyPreparedStatement.java) ~[HikariCP-5.0.1.jar:na]
	at org.hibernate.engine.jdbc.internal.ResultSetReturnImpl.executeUpdate(ResultSetReturnImpl.java:197) ~[hibernate-core-6.1.6.Final.jar:6.1.6.Final]
	... 72 common frames omitted

2023-06-21T06:43:26.517-03:00  INFO 7716 --- [scheduling-1] com.megabares.api.util.EmailProcess      : 
******* TOTALES *******
 - 1 pagos recibidos
TOTAL: 1 Recibidos.
2023-06-21T06:43:54.717-03:00  INFO 7716 --- [scheduling-1] com.megabares.api.util.EmailProcess      : monitoreo...
2023-06-21T06:43:54.717-03:00  INFO 7716 --- [scheduling-1] com.megabares.api.util.EmailProcess      : processEmails...
2023-06-21T06:43:55.132-03:00  INFO 7716 --- [scheduling-1] com.megabares.api.util.EmailProcess      : 
******* TOTALES *******
TOTAL: 0 Recibidos.
2023-06-21T06:44:24.719-03:00  INFO 7716 --- [scheduling-1] com.megabares.api.util.EmailProcess      : monitoreo...
2023-06-21T06:44:24.720-03:00  INFO 7716 --- [scheduling-1] com.megabares.api.util.EmailProcess      : processEmails...
2023-06-21T06:44:25.184-03:00  INFO 7716 --- [scheduling-1] com.megabares.api.util.EmailProcess      : Procesando Pago... - subject: Recibiste un pago por Plan Básico + Mod.Fiscal - received: Tue Jun 13 13:53:22 ART 2023
2023-06-21T06:44:25.408-03:00  INFO 7716 --- [scheduling-1] com.megabares.api.util.EmailProcess      : Email cliente: contacto@chefguru.com.ar
2023-06-21T06:44:25.410-03:00  INFO 7716 --- [scheduling-1] com.megabares.api.util.EmailProcess      : Teléfono cliente: N/A
2023-06-21T06:44:25.411-03:00  INFO 7716 --- [scheduling-1] com.megabares.api.util.EmailProcess      : Total acreditado: 2891.40
2023-06-21T06:44:25.422-03:00  INFO 7716 --- [scheduling-1] com.megabares.api.util.EmailProcess      : Referencia de Pago: 59279917771
2023-06-21T06:44:25.439-03:00  INFO 7716 --- [scheduling-1] com.megabares.api.util.EmailProcess      : Referencia Megabares: LIC002
2023-06-21T06:45:18.047-03:00 ERROR 7716 --- [scheduling-1] o.h.engine.jdbc.spi.SqlExceptionHelper   : Duplicate entry '0' for key 'numero'
2023-06-21T06:54:51.570-03:00  INFO 11348 --- [restartedMain] c.megabares.api.ApiMegabaresApplication  : Starting ApiMegabaresApplication using Java 17 with PID 11348 (F:\user\Documents\dev\Proyectos\api-megabares\api\target\classes started by Francisco in F:\user\Documents\dev\Proyectos\api-megabares\api)
2023-06-21T06:54:51.573-03:00  INFO 11348 --- [restartedMain] c.megabares.api.ApiMegabaresApplication  : No active profile set, falling back to 1 default profile: "default"
2023-06-21T06:54:51.642-03:00  INFO 11348 --- [restartedMain] .e.DevToolsPropertyDefaultsPostProcessor : Devtools property defaults active! Set 'spring.devtools.add-properties' to 'false' to disable
2023-06-21T06:54:51.643-03:00  INFO 11348 --- [restartedMain] .e.DevToolsPropertyDefaultsPostProcessor : For additional web related logging consider setting the 'logging.level.web' property to 'DEBUG'
2023-06-21T06:54:52.537-03:00  INFO 11348 --- [restartedMain] .s.d.r.c.RepositoryConfigurationDelegate : Multiple Spring Data modules found, entering strict repository configuration mode
2023-06-21T06:54:52.540-03:00  INFO 11348 --- [restartedMain] .s.d.r.c.RepositoryConfigurationDelegate : Bootstrapping Spring Data JDBC repositories in DEFAULT mode.
2023-06-21T06:54:52.592-03:00  INFO 11348 --- [restartedMain] .RepositoryConfigurationExtensionSupport : Spring Data JDBC - Could not safely identify store assignment for repository candidate interface com.megabares.api.repositories.ClienteRepository; If you want this repository to be a JDBC repository, consider annotating your entities with one of these annotations: org.springframework.data.relational.core.mapping.Table.
2023-06-21T06:54:52.595-03:00  INFO 11348 --- [restartedMain] .RepositoryConfigurationExtensionSupport : Spring Data JDBC - Could not safely identify store assignment for repository candidate interface com.megabares.api.repositories.CobroRepository; If you want this repository to be a JDBC repository, consider annotating your entities with one of these annotations: org.springframework.data.relational.core.mapping.Table.
2023-06-21T06:54:52.597-03:00  INFO 11348 --- [restartedMain] .RepositoryConfigurationExtensionSupport : Spring Data JDBC - Could not safely identify store assignment for repository candidate interface com.megabares.api.repositories.EmailRepository; If you want this repository to be a JDBC repository, consider annotating your entities with one of these annotations: org.springframework.data.relational.core.mapping.Table.
2023-06-21T06:54:52.599-03:00  INFO 11348 --- [restartedMain] .RepositoryConfigurationExtensionSupport : Spring Data JDBC - Could not safely identify store assignment for repository candidate interface com.megabares.api.repositories.ModuloRepository; If you want this repository to be a JDBC repository, consider annotating your entities with one of these annotations: org.springframework.data.relational.core.mapping.Table.
2023-06-21T06:54:52.601-03:00  INFO 11348 --- [restartedMain] .RepositoryConfigurationExtensionSupport : Spring Data JDBC - Could not safely identify store assignment for repository candidate interface com.megabares.api.repositories.PeriodoRepository; If you want this repository to be a JDBC repository, consider annotating your entities with one of these annotations: org.springframework.data.relational.core.mapping.Table.
2023-06-21T06:54:52.601-03:00  INFO 11348 --- [restartedMain] .s.d.r.c.RepositoryConfigurationDelegate : Finished Spring Data repository scanning in 55 ms. Found 0 JDBC repository interfaces.
2023-06-21T06:54:52.615-03:00  INFO 11348 --- [restartedMain] .s.d.r.c.RepositoryConfigurationDelegate : Multiple Spring Data modules found, entering strict repository configuration mode
2023-06-21T06:54:52.616-03:00  INFO 11348 --- [restartedMain] .s.d.r.c.RepositoryConfigurationDelegate : Bootstrapping Spring Data JPA repositories in DEFAULT mode.
2023-06-21T06:54:52.669-03:00  INFO 11348 --- [restartedMain] .s.d.r.c.RepositoryConfigurationDelegate : Finished Spring Data repository scanning in 47 ms. Found 5 JPA repository interfaces.
2023-06-21T06:54:53.586-03:00  INFO 11348 --- [restartedMain] o.s.b.w.embedded.tomcat.TomcatWebServer  : Tomcat initialized with port(s): 8097 (http)
2023-06-21T06:54:53.603-03:00  INFO 11348 --- [restartedMain] o.apache.catalina.core.StandardService   : Starting service [Tomcat]
2023-06-21T06:54:53.604-03:00  INFO 11348 --- [restartedMain] o.apache.catalina.core.StandardEngine    : Starting Servlet engine: [Apache Tomcat/10.1.4]
2023-06-21T06:54:53.693-03:00  INFO 11348 --- [restartedMain] o.a.c.c.C.[.[localhost].[/mega-api]      : Initializing Spring embedded WebApplicationContext
2023-06-21T06:54:53.695-03:00  INFO 11348 --- [restartedMain] w.s.c.ServletWebServerApplicationContext : Root WebApplicationContext: initialization completed in 2051 ms
2023-06-21T06:54:53.900-03:00  INFO 11348 --- [restartedMain] com.zaxxer.hikari.HikariDataSource       : HikariPool-1 - Starting...
2023-06-21T06:54:54.293-03:00  INFO 11348 --- [restartedMain] com.zaxxer.hikari.pool.HikariPool        : HikariPool-1 - Added connection com.mysql.cj.jdbc.ConnectionImpl@34a9ce3f
2023-06-21T06:54:54.295-03:00  INFO 11348 --- [restartedMain] com.zaxxer.hikari.HikariDataSource       : HikariPool-1 - Start completed.
2023-06-21T06:54:54.869-03:00  INFO 11348 --- [restartedMain] SQL dialect                              : HHH000400: Using dialect: org.hibernate.dialect.MySQLDialect
2023-06-21T06:54:55.985-03:00  INFO 11348 --- [restartedMain] j.LocalContainerEntityManagerFactoryBean : Initialized JPA EntityManagerFactory for persistence unit 'default'
2023-06-21T06:54:56.889-03:00  WARN 11348 --- [restartedMain] JpaBaseConfiguration$JpaWebConfiguration : spring.jpa.open-in-view is enabled by default. Therefore, database queries may be performed during view rendering. Explicitly configure spring.jpa.open-in-view to disable this warning
2023-06-21T06:54:57.295-03:00  INFO 11348 --- [restartedMain] o.s.b.d.a.OptionalLiveReloadServer       : LiveReload server is running on port 35729
2023-06-21T06:54:57.335-03:00  INFO 11348 --- [restartedMain] o.s.b.w.embedded.tomcat.TomcatWebServer  : Tomcat started on port(s): 8097 (http) with context path '/mega-api'
2023-06-21T06:54:57.351-03:00  INFO 11348 --- [restartedMain] c.megabares.api.ApiMegabaresApplication  : Started ApiMegabaresApplication in 6.348 seconds (process running for 7.415)
2023-06-21T06:55:07.360-03:00  INFO 11348 --- [scheduling-1] com.megabares.api.util.EmailProcess      : monitoreo...
2023-06-21T06:55:07.361-03:00  INFO 11348 --- [scheduling-1] com.megabares.api.util.EmailProcess      : processEmails...
2023-06-21T06:55:07.987-03:00  INFO 11348 --- [scheduling-1] com.megabares.api.util.EmailProcess      : Procesando Pago... - subject: Recibiste un pago por Plan Básico + Mod.Fiscal - received: Tue Jun 13 13:53:22 ART 2023
2023-06-21T06:55:08.229-03:00  INFO 11348 --- [scheduling-1] com.megabares.api.util.EmailProcess      : Email cliente: contacto@chefguru.com.ar
2023-06-21T06:55:08.232-03:00  INFO 11348 --- [scheduling-1] com.megabares.api.util.EmailProcess      : Teléfono cliente: N/A
2023-06-21T06:55:08.233-03:00  INFO 11348 --- [scheduling-1] com.megabares.api.util.EmailProcess      : Total acreditado: 2891.40
2023-06-21T06:55:08.258-03:00  INFO 11348 --- [scheduling-1] com.megabares.api.util.EmailProcess      : Referencia de Pago: 59279917771
2023-06-21T06:55:08.298-03:00  INFO 11348 --- [scheduling-1] com.megabares.api.util.EmailProcess      : Referencia Megabares: LIC002
2023-06-21T07:13:11.548-03:00  INFO 22700 --- [restartedMain] c.megabares.api.ApiMegabaresApplication  : Starting ApiMegabaresApplication using Java 17 with PID 22700 (F:\user\Documents\dev\Proyectos\api-megabares\api\target\classes started by Francisco in F:\user\Documents\dev\Proyectos\api-megabares\api)
2023-06-21T07:13:11.554-03:00  INFO 22700 --- [restartedMain] c.megabares.api.ApiMegabaresApplication  : No active profile set, falling back to 1 default profile: "default"
2023-06-21T07:13:11.634-03:00  INFO 22700 --- [restartedMain] .e.DevToolsPropertyDefaultsPostProcessor : Devtools property defaults active! Set 'spring.devtools.add-properties' to 'false' to disable
2023-06-21T07:13:11.635-03:00  INFO 22700 --- [restartedMain] .e.DevToolsPropertyDefaultsPostProcessor : For additional web related logging consider setting the 'logging.level.web' property to 'DEBUG'
2023-06-21T07:13:12.445-03:00  INFO 22700 --- [restartedMain] .s.d.r.c.RepositoryConfigurationDelegate : Multiple Spring Data modules found, entering strict repository configuration mode
2023-06-21T07:13:12.447-03:00  INFO 22700 --- [restartedMain] .s.d.r.c.RepositoryConfigurationDelegate : Bootstrapping Spring Data JDBC repositories in DEFAULT mode.
2023-06-21T07:13:12.484-03:00  INFO 22700 --- [restartedMain] .RepositoryConfigurationExtensionSupport : Spring Data JDBC - Could not safely identify store assignment for repository candidate interface com.megabares.api.repositories.ClienteRepository; If you want this repository to be a JDBC repository, consider annotating your entities with one of these annotations: org.springframework.data.relational.core.mapping.Table.
2023-06-21T07:13:12.486-03:00  INFO 22700 --- [restartedMain] .RepositoryConfigurationExtensionSupport : Spring Data JDBC - Could not safely identify store assignment for repository candidate interface com.megabares.api.repositories.CobroRepository; If you want this repository to be a JDBC repository, consider annotating your entities with one of these annotations: org.springframework.data.relational.core.mapping.Table.
2023-06-21T07:13:12.488-03:00  INFO 22700 --- [restartedMain] .RepositoryConfigurationExtensionSupport : Spring Data JDBC - Could not safely identify store assignment for repository candidate interface com.megabares.api.repositories.EmailRepository; If you want this repository to be a JDBC repository, consider annotating your entities with one of these annotations: org.springframework.data.relational.core.mapping.Table.
2023-06-21T07:13:12.490-03:00  INFO 22700 --- [restartedMain] .RepositoryConfigurationExtensionSupport : Spring Data JDBC - Could not safely identify store assignment for repository candidate interface com.megabares.api.repositories.ModuloRepository; If you want this repository to be a JDBC repository, consider annotating your entities with one of these annotations: org.springframework.data.relational.core.mapping.Table.
2023-06-21T07:13:12.492-03:00  INFO 22700 --- [restartedMain] .RepositoryConfigurationExtensionSupport : Spring Data JDBC - Could not safely identify store assignment for repository candidate interface com.megabares.api.repositories.PeriodoRepository; If you want this repository to be a JDBC repository, consider annotating your entities with one of these annotations: org.springframework.data.relational.core.mapping.Table.
2023-06-21T07:13:12.493-03:00  INFO 22700 --- [restartedMain] .s.d.r.c.RepositoryConfigurationDelegate : Finished Spring Data repository scanning in 39 ms. Found 0 JDBC repository interfaces.
2023-06-21T07:13:12.504-03:00  INFO 22700 --- [restartedMain] .s.d.r.c.RepositoryConfigurationDelegate : Multiple Spring Data modules found, entering strict repository configuration mode
2023-06-21T07:13:12.505-03:00  INFO 22700 --- [restartedMain] .s.d.r.c.RepositoryConfigurationDelegate : Bootstrapping Spring Data JPA repositories in DEFAULT mode.
2023-06-21T07:13:12.551-03:00  INFO 22700 --- [restartedMain] .s.d.r.c.RepositoryConfigurationDelegate : Finished Spring Data repository scanning in 41 ms. Found 5 JPA repository interfaces.
2023-06-21T07:13:13.409-03:00  INFO 22700 --- [restartedMain] o.s.b.w.embedded.tomcat.TomcatWebServer  : Tomcat initialized with port(s): 8097 (http)
2023-06-21T07:13:13.420-03:00  INFO 22700 --- [restartedMain] o.apache.catalina.core.StandardService   : Starting service [Tomcat]
2023-06-21T07:13:13.420-03:00  INFO 22700 --- [restartedMain] o.apache.catalina.core.StandardEngine    : Starting Servlet engine: [Apache Tomcat/10.1.4]
2023-06-21T07:13:13.486-03:00  INFO 22700 --- [restartedMain] o.a.c.c.C.[.[localhost].[/mega-api]      : Initializing Spring embedded WebApplicationContext
2023-06-21T07:13:13.487-03:00  INFO 22700 --- [restartedMain] w.s.c.ServletWebServerApplicationContext : Root WebApplicationContext: initialization completed in 1851 ms
2023-06-21T07:13:13.648-03:00  INFO 22700 --- [restartedMain] com.zaxxer.hikari.HikariDataSource       : HikariPool-1 - Starting...
2023-06-21T07:13:14.057-03:00  INFO 22700 --- [restartedMain] com.zaxxer.hikari.pool.HikariPool        : HikariPool-1 - Added connection com.mysql.cj.jdbc.ConnectionImpl@ec9d667
2023-06-21T07:13:14.059-03:00  INFO 22700 --- [restartedMain] com.zaxxer.hikari.HikariDataSource       : HikariPool-1 - Start completed.
2023-06-21T07:13:14.659-03:00  INFO 22700 --- [restartedMain] SQL dialect                              : HHH000400: Using dialect: org.hibernate.dialect.MySQLDialect
2023-06-21T07:13:15.709-03:00  INFO 22700 --- [restartedMain] j.LocalContainerEntityManagerFactoryBean : Initialized JPA EntityManagerFactory for persistence unit 'default'
2023-06-21T07:13:16.627-03:00  WARN 22700 --- [restartedMain] JpaBaseConfiguration$JpaWebConfiguration : spring.jpa.open-in-view is enabled by default. Therefore, database queries may be performed during view rendering. Explicitly configure spring.jpa.open-in-view to disable this warning
2023-06-21T07:13:17.078-03:00  INFO 22700 --- [restartedMain] o.s.b.d.a.OptionalLiveReloadServer       : LiveReload server is running on port 35729
2023-06-21T07:13:17.119-03:00  INFO 22700 --- [restartedMain] o.s.b.w.embedded.tomcat.TomcatWebServer  : Tomcat started on port(s): 8097 (http) with context path '/mega-api'
2023-06-21T07:13:17.133-03:00  INFO 22700 --- [restartedMain] c.megabares.api.ApiMegabaresApplication  : Started ApiMegabaresApplication in 6.169 seconds (process running for 6.65)
2023-06-21T07:13:27.134-03:00  INFO 22700 --- [scheduling-1] com.megabares.api.util.EmailProcess      : monitoreo...
2023-06-21T07:13:27.136-03:00  INFO 22700 --- [scheduling-1] com.megabares.api.util.EmailProcess      : processEmails...
2023-06-21T07:13:27.742-03:00  INFO 22700 --- [scheduling-1] com.megabares.api.util.EmailProcess      : Procesando Pago... - subject: Recibiste un pago por Plan Básico + Mod.Fiscal - received: Tue Jun 13 13:53:22 ART 2023
2023-06-21T07:13:27.989-03:00  INFO 22700 --- [scheduling-1] com.megabares.api.util.EmailProcess      : Email cliente: contacto@chefguru.com.ar
2023-06-21T07:13:27.994-03:00  INFO 22700 --- [scheduling-1] com.megabares.api.util.EmailProcess      : Teléfono cliente: N/A
2023-06-21T07:13:27.995-03:00  INFO 22700 --- [scheduling-1] com.megabares.api.util.EmailProcess      : Total acreditado: 2891.40
2023-06-21T07:13:28.035-03:00  INFO 22700 --- [scheduling-1] com.megabares.api.util.EmailProcess      : Referencia de Pago: 59279917771
2023-06-21T07:13:28.084-03:00  INFO 22700 --- [scheduling-1] com.megabares.api.util.EmailProcess      : Referencia Megabares: LIC002
2023-06-21T07:15:09.524-03:00  INFO 22700 --- [scheduling-1] com.megabares.api.util.EmailProcess      : se crea nuevo periodo de pago: PeriodoPago{desde=2023-07-16 07:40:58.0, hasta=Wed Aug 16 07:40:58 ART 2023, codigo=2, semilla=2, multiplicador=1, numero=35}
2023-06-21T07:17:01.973-03:00  INFO 22700 --- [scheduling-1] com.megabares.api.util.EmailProcess      : se crea nuevo periodo de pago: PeriodoPago{desde=2023-07-16 07:40:58.0, hasta=Wed Aug 16 07:40:58 ART 2023, codigo=2, semilla=2, multiplicador=1, numero=36}
2023-06-21T07:17:02.029-03:00 ERROR 22700 --- [scheduling-1] com.megabares.api.util.EmailProcess      : Error al procesar envio/pago de dinero

org.springframework.dao.InvalidDataAccessApiUsageException: detached entity passed to persist: com.megabares.api.data.Ingreso
	at org.springframework.orm.jpa.vendor.HibernateJpaDialect.convertHibernateAccessException(HibernateJpaDialect.java:290) ~[spring-orm-6.0.3.jar:6.0.3]
	at org.springframework.orm.jpa.vendor.HibernateJpaDialect.translateExceptionIfPossible(HibernateJpaDialect.java:233) ~[spring-orm-6.0.3.jar:6.0.3]
	at org.springframework.orm.jpa.AbstractEntityManagerFactoryBean.translateExceptionIfPossible(AbstractEntityManagerFactoryBean.java:550) ~[spring-orm-6.0.3.jar:6.0.3]
	at org.springframework.dao.support.ChainedPersistenceExceptionTranslator.translateExceptionIfPossible(ChainedPersistenceExceptionTranslator.java:61) ~[spring-tx-6.0.3.jar:6.0.3]
	at org.springframework.dao.support.DataAccessUtils.translateIfNecessary(DataAccessUtils.java:242) ~[spring-tx-6.0.3.jar:6.0.3]
	at org.springframework.dao.support.PersistenceExceptionTranslationInterceptor.invoke(PersistenceExceptionTranslationInterceptor.java:152) ~[spring-tx-6.0.3.jar:6.0.3]
	at org.springframework.aop.framework.ReflectiveMethodInvocation.proceed(ReflectiveMethodInvocation.java:184) ~[spring-aop-6.0.3.jar:6.0.3]
	at org.springframework.data.jpa.repository.support.CrudMethodMetadataPostProcessor$CrudMethodMetadataPopulatingMethodInterceptor.invoke(CrudMethodMetadataPostProcessor.java:163) ~[spring-data-jpa-3.0.0.jar:3.0.0]
	at org.springframework.aop.framework.ReflectiveMethodInvocation.proceed(ReflectiveMethodInvocation.java:184) ~[spring-aop-6.0.3.jar:6.0.3]
	at org.springframework.aop.interceptor.ExposeInvocationInterceptor.invoke(ExposeInvocationInterceptor.java:97) ~[spring-aop-6.0.3.jar:6.0.3]
	at org.springframework.aop.framework.ReflectiveMethodInvocation.proceed(ReflectiveMethodInvocation.java:184) ~[spring-aop-6.0.3.jar:6.0.3]
	at org.springframework.aop.framework.JdkDynamicAopProxy.invoke(JdkDynamicAopProxy.java:218) ~[spring-aop-6.0.3.jar:6.0.3]
	at jdk.proxy4/jdk.proxy4.$Proxy126.saveAndFlush(Unknown Source) ~[na:na]
	at com.megabares.api.util.EmailProcess.procesarPago(EmailProcess.java:1113) ~[classes/:na]
	at com.megabares.api.util.EmailProcess.processEmails(EmailProcess.java:247) ~[classes/:na]
	at com.megabares.api.util.EmailProcess.monitor(EmailProcess.java:134) ~[classes/:na]
	at com.megabares.api.service.MailProcess.tarea3(MailProcess.java:28) ~[classes/:na]
	at java.base/jdk.internal.reflect.NativeMethodAccessorImpl.invoke0(Native Method) ~[na:na]
	at java.base/jdk.internal.reflect.NativeMethodAccessorImpl.invoke(NativeMethodAccessorImpl.java:77) ~[na:na]
	at java.base/jdk.internal.reflect.DelegatingMethodAccessorImpl.invoke(DelegatingMethodAccessorImpl.java:43) ~[na:na]
	at java.base/java.lang.reflect.Method.invoke(Method.java:568) ~[na:na]
	at org.springframework.scheduling.support.ScheduledMethodRunnable.run(ScheduledMethodRunnable.java:84) ~[spring-context-6.0.3.jar:6.0.3]
	at org.springframework.scheduling.support.DelegatingErrorHandlingRunnable.run(DelegatingErrorHandlingRunnable.java:54) ~[spring-context-6.0.3.jar:6.0.3]
	at java.base/java.util.concurrent.Executors$RunnableAdapter.call(Executors.java:539) ~[na:na]
	at java.base/java.util.concurrent.FutureTask.runAndReset(FutureTask.java:305) ~[na:na]
	at java.base/java.util.concurrent.ScheduledThreadPoolExecutor$ScheduledFutureTask.run(ScheduledThreadPoolExecutor.java:305) ~[na:na]
	at java.base/java.util.concurrent.ThreadPoolExecutor.runWorker(ThreadPoolExecutor.java:1136) ~[na:na]
	at java.base/java.util.concurrent.ThreadPoolExecutor$Worker.run(ThreadPoolExecutor.java:635) ~[na:na]
	at java.base/java.lang.Thread.run(Thread.java:833) ~[na:na]
Caused by: org.hibernate.PersistentObjectException: detached entity passed to persist: com.megabares.api.data.Ingreso
	at org.hibernate.event.internal.DefaultPersistEventListener.onPersist(DefaultPersistEventListener.java:121) ~[hibernate-core-6.1.6.Final.jar:6.1.6.Final]
	at org.hibernate.event.service.internal.EventListenerGroupImpl.fireEventOnEachListener(EventListenerGroupImpl.java:118) ~[hibernate-core-6.1.6.Final.jar:6.1.6.Final]
	at org.hibernate.internal.SessionImpl.firePersist(SessionImpl.java:779) ~[hibernate-core-6.1.6.Final.jar:6.1.6.Final]
	at org.hibernate.internal.SessionImpl.persist(SessionImpl.java:727) ~[hibernate-core-6.1.6.Final.jar:6.1.6.Final]
	at org.hibernate.engine.spi.CascadingActions$7.cascade(CascadingActions.java:301) ~[hibernate-core-6.1.6.Final.jar:6.1.6.Final]
	at org.hibernate.engine.spi.CascadingActions$7.cascade(CascadingActions.java:291) ~[hibernate-core-6.1.6.Final.jar:6.1.6.Final]
	at org.hibernate.engine.internal.Cascade.cascadeToOne(Cascade.java:513) ~[hibernate-core-6.1.6.Final.jar:6.1.6.Final]
	at org.hibernate.engine.internal.Cascade.cascadeAssociation(Cascade.java:434) ~[hibernate-core-6.1.6.Final.jar:6.1.6.Final]
	at org.hibernate.engine.internal.Cascade.cascadeProperty(Cascade.java:220) ~[hibernate-core-6.1.6.Final.jar:6.1.6.Final]
	at org.hibernate.engine.internal.Cascade.cascade(Cascade.java:153) ~[hibernate-core-6.1.6.Final.jar:6.1.6.Final]
	at org.hibernate.event.internal.AbstractSaveEventListener.cascadeBeforeSave(AbstractSaveEventListener.java:442) ~[hibernate-core-6.1.6.Final.jar:6.1.6.Final]
	at org.hibernate.event.internal.AbstractSaveEventListener.performSaveOrReplicate(AbstractSaveEventListener.java:263) ~[hibernate-core-6.1.6.Final.jar:6.1.6.Final]
	at org.hibernate.event.internal.AbstractSaveEventListener.performSave(AbstractSaveEventListener.java:192) ~[hibernate-core-6.1.6.Final.jar:6.1.6.Final]
	at org.hibernate.event.internal.AbstractSaveEventListener.saveWithGeneratedId(AbstractSaveEventListener.java:122) ~[hibernate-core-6.1.6.Final.jar:6.1.6.Final]
	at org.hibernate.event.internal.DefaultPersistEventListener.entityIsTransient(DefaultPersistEventListener.java:184) ~[hibernate-core-6.1.6.Final.jar:6.1.6.Final]
	at org.hibernate.event.internal.DefaultPersistEventListener.onPersist(DefaultPersistEventListener.java:129) ~[hibernate-core-6.1.6.Final.jar:6.1.6.Final]
	at org.hibernate.event.internal.DefaultPersistEventListener.onPersist(DefaultPersistEventListener.java:53) ~[hibernate-core-6.1.6.Final.jar:6.1.6.Final]
	at org.hibernate.event.service.internal.EventListenerGroupImpl.fireEventOnEachListener(EventListenerGroupImpl.java:107) ~[hibernate-core-6.1.6.Final.jar:6.1.6.Final]
	at org.hibernate.internal.SessionImpl.firePersist(SessionImpl.java:737) ~[hibernate-core-6.1.6.Final.jar:6.1.6.Final]
	at org.hibernate.internal.SessionImpl.persist(SessionImpl.java:721) ~[hibernate-core-6.1.6.Final.jar:6.1.6.Final]
	at java.base/jdk.internal.reflect.NativeMethodAccessorImpl.invoke0(Native Method) ~[na:na]
	at java.base/jdk.internal.reflect.NativeMethodAccessorImpl.invoke(NativeMethodAccessorImpl.java:77) ~[na:na]
	at java.base/jdk.internal.reflect.DelegatingMethodAccessorImpl.invoke(DelegatingMethodAccessorImpl.java:43) ~[na:na]
	at java.base/java.lang.reflect.Method.invoke(Method.java:568) ~[na:na]
	at org.springframework.orm.jpa.SharedEntityManagerCreator$SharedEntityManagerInvocationHandler.invoke(SharedEntityManagerCreator.java:307) ~[spring-orm-6.0.3.jar:6.0.3]
	at jdk.proxy4/jdk.proxy4.$Proxy121.persist(Unknown Source) ~[na:na]
	at org.springframework.data.jpa.repository.support.SimpleJpaRepository.save(SimpleJpaRepository.java:610) ~[spring-data-jpa-3.0.0.jar:3.0.0]
	at org.springframework.data.jpa.repository.support.SimpleJpaRepository.saveAndFlush(SimpleJpaRepository.java:621) ~[spring-data-jpa-3.0.0.jar:3.0.0]
	at java.base/jdk.internal.reflect.NativeMethodAccessorImpl.invoke0(Native Method) ~[na:na]
	at java.base/jdk.internal.reflect.NativeMethodAccessorImpl.invoke(NativeMethodAccessorImpl.java:77) ~[na:na]
	at java.base/jdk.internal.reflect.DelegatingMethodAccessorImpl.invoke(DelegatingMethodAccessorImpl.java:43) ~[na:na]
	at java.base/java.lang.reflect.Method.invoke(Method.java:568) ~[na:na]
	at org.springframework.data.repository.core.support.RepositoryMethodInvoker$RepositoryFragmentMethodInvoker.lambda$new$0(RepositoryMethodInvoker.java:288) ~[spring-data-commons-3.0.0.jar:3.0.0]
	at org.springframework.data.repository.core.support.RepositoryMethodInvoker.doInvoke(RepositoryMethodInvoker.java:136) ~[spring-data-commons-3.0.0.jar:3.0.0]
	at org.springframework.data.repository.core.support.RepositoryMethodInvoker.invoke(RepositoryMethodInvoker.java:120) ~[spring-data-commons-3.0.0.jar:3.0.0]
	at org.springframework.data.repository.core.support.RepositoryComposition$RepositoryFragments.invoke(RepositoryComposition.java:516) ~[spring-data-commons-3.0.0.jar:3.0.0]
	at org.springframework.data.repository.core.support.RepositoryComposition.invoke(RepositoryComposition.java:285) ~[spring-data-commons-3.0.0.jar:3.0.0]
	at org.springframework.data.repository.core.support.RepositoryFactorySupport$ImplementationMethodExecutionInterceptor.invoke(RepositoryFactorySupport.java:628) ~[spring-data-commons-3.0.0.jar:3.0.0]
	at org.springframework.aop.framework.ReflectiveMethodInvocation.proceed(ReflectiveMethodInvocation.java:184) ~[spring-aop-6.0.3.jar:6.0.3]
	at org.springframework.data.repository.core.support.QueryExecutorMethodInterceptor.doInvoke(QueryExecutorMethodInterceptor.java:168) ~[spring-data-commons-3.0.0.jar:3.0.0]
	at org.springframework.data.repository.core.support.QueryExecutorMethodInterceptor.invoke(QueryExecutorMethodInterceptor.java:143) ~[spring-data-commons-3.0.0.jar:3.0.0]
	at org.springframework.aop.framework.ReflectiveMethodInvocation.proceed(ReflectiveMethodInvocation.java:184) ~[spring-aop-6.0.3.jar:6.0.3]
	at org.springframework.data.projection.DefaultMethodInvokingMethodInterceptor.invoke(DefaultMethodInvokingMethodInterceptor.java:77) ~[spring-data-commons-3.0.0.jar:3.0.0]
	at org.springframework.aop.framework.ReflectiveMethodInvocation.proceed(ReflectiveMethodInvocation.java:184) ~[spring-aop-6.0.3.jar:6.0.3]
	at org.springframework.transaction.interceptor.TransactionInterceptor$1.proceedWithInvocation(TransactionInterceptor.java:123) ~[spring-tx-6.0.3.jar:6.0.3]
	at org.springframework.transaction.interceptor.TransactionAspectSupport.invokeWithinTransaction(TransactionAspectSupport.java:388) ~[spring-tx-6.0.3.jar:6.0.3]
	at org.springframework.transaction.interceptor.TransactionInterceptor.invoke(TransactionInterceptor.java:119) ~[spring-tx-6.0.3.jar:6.0.3]
	at org.springframework.aop.framework.ReflectiveMethodInvocation.proceed(ReflectiveMethodInvocation.java:184) ~[spring-aop-6.0.3.jar:6.0.3]
	at org.springframework.dao.support.PersistenceExceptionTranslationInterceptor.invoke(PersistenceExceptionTranslationInterceptor.java:137) ~[spring-tx-6.0.3.jar:6.0.3]
	... 23 common frames omitted

2023-06-21T07:17:02.036-03:00  INFO 22700 --- [scheduling-1] com.megabares.api.util.EmailProcess      : 
******* TOTALES *******
 - 1 pagos recibidos
TOTAL: 1 Recibidos.
2023-06-21T07:17:02.095-03:00  INFO 22700 --- [scheduling-1] com.megabares.api.util.EmailProcess      : monitoreo...
2023-06-21T07:17:02.096-03:00  INFO 22700 --- [scheduling-1] com.megabares.api.util.EmailProcess      : processEmails...
2023-06-21T07:17:02.478-03:00  INFO 22700 --- [scheduling-1] com.megabares.api.util.EmailProcess      : 
******* TOTALES *******
TOTAL: 0 Recibidos.
2023-06-21T07:17:02.536-03:00  INFO 22700 --- [scheduling-1] com.megabares.api.util.EmailProcess      : monitoreo...
2023-06-21T07:17:02.536-03:00  INFO 22700 --- [scheduling-1] com.megabares.api.util.EmailProcess      : processEmails...
2023-06-21T07:17:02.922-03:00  INFO 22700 --- [scheduling-1] com.megabares.api.util.EmailProcess      : 
******* TOTALES *******
TOTAL: 0 Recibidos.
2023-06-21T07:17:02.985-03:00  INFO 22700 --- [scheduling-1] com.megabares.api.util.EmailProcess      : monitoreo...
2023-06-21T07:17:02.985-03:00  INFO 22700 --- [scheduling-1] com.megabares.api.util.EmailProcess      : processEmails...
2023-06-21T07:17:03.375-03:00  INFO 22700 --- [scheduling-1] com.megabares.api.util.EmailProcess      : 
******* TOTALES *******
TOTAL: 0 Recibidos.
2023-06-21T07:17:03.435-03:00  INFO 22700 --- [scheduling-1] com.megabares.api.util.EmailProcess      : monitoreo...
2023-06-21T07:17:03.435-03:00  INFO 22700 --- [scheduling-1] com.megabares.api.util.EmailProcess      : processEmails...
2023-06-21T07:17:03.837-03:00  INFO 22700 --- [scheduling-1] com.megabares.api.util.EmailProcess      : 
******* TOTALES *******
TOTAL: 0 Recibidos.
2023-06-21T07:17:03.900-03:00  INFO 22700 --- [scheduling-1] com.megabares.api.util.EmailProcess      : monitoreo...
2023-06-21T07:17:03.901-03:00  INFO 22700 --- [scheduling-1] com.megabares.api.util.EmailProcess      : processEmails...
2023-06-21T07:17:04.296-03:00  INFO 22700 --- [scheduling-1] com.megabares.api.util.EmailProcess      : 
******* TOTALES *******
TOTAL: 0 Recibidos.
2023-06-21T07:17:04.360-03:00  INFO 22700 --- [scheduling-1] com.megabares.api.util.EmailProcess      : monitoreo...
2023-06-21T07:17:04.361-03:00  INFO 22700 --- [scheduling-1] com.megabares.api.util.EmailProcess      : processEmails...
2023-06-21T07:17:04.775-03:00  INFO 22700 --- [scheduling-1] com.megabares.api.util.EmailProcess      : 
******* TOTALES *******
TOTAL: 0 Recibidos.
2023-06-21T07:17:04.842-03:00  INFO 22700 --- [scheduling-1] com.megabares.api.util.EmailProcess      : monitoreo...
2023-06-21T07:17:04.843-03:00  INFO 22700 --- [scheduling-1] com.megabares.api.util.EmailProcess      : processEmails...
2023-06-21T07:17:05.241-03:00  INFO 22700 --- [scheduling-1] com.megabares.api.util.EmailProcess      : 
******* TOTALES *******
TOTAL: 0 Recibidos.
2023-06-21T07:17:27.134-03:00  INFO 22700 --- [scheduling-1] com.megabares.api.util.EmailProcess      : monitoreo...
2023-06-21T07:17:27.134-03:00  INFO 22700 --- [scheduling-1] com.megabares.api.util.EmailProcess      : processEmails...
2023-06-21T07:17:27.532-03:00  INFO 22700 --- [scheduling-1] com.megabares.api.util.EmailProcess      : 
******* TOTALES *******
TOTAL: 0 Recibidos.
2023-06-21T07:17:57.140-03:00  INFO 22700 --- [scheduling-1] com.megabares.api.util.EmailProcess      : monitoreo...
2023-06-21T07:17:57.141-03:00  INFO 22700 --- [scheduling-1] com.megabares.api.util.EmailProcess      : processEmails...
2023-06-21T07:17:57.590-03:00  INFO 22700 --- [scheduling-1] com.megabares.api.util.EmailProcess      : 
******* TOTALES *******
TOTAL: 0 Recibidos.
2023-06-21T07:18:27.129-03:00  INFO 22700 --- [scheduling-1] com.megabares.api.util.EmailProcess      : monitoreo...
2023-06-21T07:18:27.129-03:00  INFO 22700 --- [scheduling-1] com.megabares.api.util.EmailProcess      : processEmails...
2023-06-21T07:18:27.534-03:00  INFO 22700 --- [scheduling-1] com.megabares.api.util.EmailProcess      : 
******* TOTALES *******
TOTAL: 0 Recibidos.
2023-06-21T07:18:57.143-03:00  INFO 22700 --- [scheduling-1] com.megabares.api.util.EmailProcess      : monitoreo...
2023-06-21T07:18:57.144-03:00  INFO 22700 --- [scheduling-1] com.megabares.api.util.EmailProcess      : processEmails...
2023-06-21T07:18:57.610-03:00  INFO 22700 --- [scheduling-1] com.megabares.api.util.EmailProcess      : 
******* TOTALES *******
TOTAL: 0 Recibidos.
2023-06-21T07:19:16.210-03:00  INFO 23904 --- [restartedMain] c.megabares.api.ApiMegabaresApplication  : Starting ApiMegabaresApplication using Java 17 with PID 23904 (F:\user\Documents\dev\Proyectos\api-megabares\api\target\classes started by Francisco in F:\user\Documents\dev\Proyectos\api-megabares\api)
2023-06-21T07:19:16.214-03:00  INFO 23904 --- [restartedMain] c.megabares.api.ApiMegabaresApplication  : No active profile set, falling back to 1 default profile: "default"
2023-06-21T07:19:16.287-03:00  INFO 23904 --- [restartedMain] .e.DevToolsPropertyDefaultsPostProcessor : Devtools property defaults active! Set 'spring.devtools.add-properties' to 'false' to disable
2023-06-21T07:19:16.287-03:00  INFO 23904 --- [restartedMain] .e.DevToolsPropertyDefaultsPostProcessor : For additional web related logging consider setting the 'logging.level.web' property to 'DEBUG'
2023-06-21T07:19:17.059-03:00  INFO 23904 --- [restartedMain] .s.d.r.c.RepositoryConfigurationDelegate : Multiple Spring Data modules found, entering strict repository configuration mode
2023-06-21T07:19:17.060-03:00  INFO 23904 --- [restartedMain] .s.d.r.c.RepositoryConfigurationDelegate : Bootstrapping Spring Data JDBC repositories in DEFAULT mode.
2023-06-21T07:19:17.103-03:00  INFO 23904 --- [restartedMain] .RepositoryConfigurationExtensionSupport : Spring Data JDBC - Could not safely identify store assignment for repository candidate interface com.megabares.api.repositories.ClienteRepository; If you want this repository to be a JDBC repository, consider annotating your entities with one of these annotations: org.springframework.data.relational.core.mapping.Table.
2023-06-21T07:19:17.106-03:00  INFO 23904 --- [restartedMain] .RepositoryConfigurationExtensionSupport : Spring Data JDBC - Could not safely identify store assignment for repository candidate interface com.megabares.api.repositories.CobroRepository; If you want this repository to be a JDBC repository, consider annotating your entities with one of these annotations: org.springframework.data.relational.core.mapping.Table.
2023-06-21T07:19:17.108-03:00  INFO 23904 --- [restartedMain] .RepositoryConfigurationExtensionSupport : Spring Data JDBC - Could not safely identify store assignment for repository candidate interface com.megabares.api.repositories.EmailRepository; If you want this repository to be a JDBC repository, consider annotating your entities with one of these annotations: org.springframework.data.relational.core.mapping.Table.
2023-06-21T07:19:17.110-03:00  INFO 23904 --- [restartedMain] .RepositoryConfigurationExtensionSupport : Spring Data JDBC - Could not safely identify store assignment for repository candidate interface com.megabares.api.repositories.ModuloRepository; If you want this repository to be a JDBC repository, consider annotating your entities with one of these annotations: org.springframework.data.relational.core.mapping.Table.
2023-06-21T07:19:17.111-03:00  INFO 23904 --- [restartedMain] .RepositoryConfigurationExtensionSupport : Spring Data JDBC - Could not safely identify store assignment for repository candidate interface com.megabares.api.repositories.PeriodoRepository; If you want this repository to be a JDBC repository, consider annotating your entities with one of these annotations: org.springframework.data.relational.core.mapping.Table.
2023-06-21T07:19:17.112-03:00  INFO 23904 --- [restartedMain] .s.d.r.c.RepositoryConfigurationDelegate : Finished Spring Data repository scanning in 47 ms. Found 0 JDBC repository interfaces.
2023-06-21T07:19:17.122-03:00  INFO 23904 --- [restartedMain] .s.d.r.c.RepositoryConfigurationDelegate : Multiple Spring Data modules found, entering strict repository configuration mode
2023-06-21T07:19:17.123-03:00  INFO 23904 --- [restartedMain] .s.d.r.c.RepositoryConfigurationDelegate : Bootstrapping Spring Data JPA repositories in DEFAULT mode.
2023-06-21T07:19:17.170-03:00  INFO 23904 --- [restartedMain] .s.d.r.c.RepositoryConfigurationDelegate : Finished Spring Data repository scanning in 41 ms. Found 5 JPA repository interfaces.
2023-06-21T07:19:17.951-03:00  INFO 23904 --- [restartedMain] o.s.b.w.embedded.tomcat.TomcatWebServer  : Tomcat initialized with port(s): 8097 (http)
2023-06-21T07:19:17.962-03:00  INFO 23904 --- [restartedMain] o.apache.catalina.core.StandardService   : Starting service [Tomcat]
2023-06-21T07:19:17.962-03:00  INFO 23904 --- [restartedMain] o.apache.catalina.core.StandardEngine    : Starting Servlet engine: [Apache Tomcat/10.1.4]
2023-06-21T07:19:18.027-03:00  INFO 23904 --- [restartedMain] o.a.c.c.C.[.[localhost].[/mega-api]      : Initializing Spring embedded WebApplicationContext
2023-06-21T07:19:18.028-03:00  INFO 23904 --- [restartedMain] w.s.c.ServletWebServerApplicationContext : Root WebApplicationContext: initialization completed in 1739 ms
2023-06-21T07:19:18.188-03:00  INFO 23904 --- [restartedMain] com.zaxxer.hikari.HikariDataSource       : HikariPool-1 - Starting...
2023-06-21T07:19:18.564-03:00  INFO 23904 --- [restartedMain] com.zaxxer.hikari.pool.HikariPool        : HikariPool-1 - Added connection com.mysql.cj.jdbc.ConnectionImpl@ec9d667
2023-06-21T07:19:18.565-03:00  INFO 23904 --- [restartedMain] com.zaxxer.hikari.HikariDataSource       : HikariPool-1 - Start completed.
2023-06-21T07:19:19.112-03:00  INFO 23904 --- [restartedMain] SQL dialect                              : HHH000400: Using dialect: org.hibernate.dialect.MySQLDialect
2023-06-21T07:19:20.236-03:00  INFO 23904 --- [restartedMain] j.LocalContainerEntityManagerFactoryBean : Initialized JPA EntityManagerFactory for persistence unit 'default'
2023-06-21T07:19:21.196-03:00  WARN 23904 --- [restartedMain] JpaBaseConfiguration$JpaWebConfiguration : spring.jpa.open-in-view is enabled by default. Therefore, database queries may be performed during view rendering. Explicitly configure spring.jpa.open-in-view to disable this warning
2023-06-21T07:19:21.613-03:00  INFO 23904 --- [restartedMain] o.s.b.d.a.OptionalLiveReloadServer       : LiveReload server is running on port 35729
2023-06-21T07:19:21.664-03:00  INFO 23904 --- [restartedMain] o.s.b.w.embedded.tomcat.TomcatWebServer  : Tomcat started on port(s): 8097 (http) with context path '/mega-api'
2023-06-21T07:19:21.682-03:00  INFO 23904 --- [restartedMain] c.megabares.api.ApiMegabaresApplication  : Started ApiMegabaresApplication in 6.046 seconds (process running for 6.513)
2023-06-21T07:19:31.687-03:00  INFO 23904 --- [scheduling-1] com.megabares.api.util.EmailProcess      : monitoreo...
2023-06-21T07:19:31.688-03:00  INFO 23904 --- [scheduling-1] com.megabares.api.util.EmailProcess      : processEmails...
2023-06-21T07:19:32.324-03:00  INFO 23904 --- [scheduling-1] com.megabares.api.util.EmailProcess      : Procesando Pago... - subject: Recibiste un pago por Plan Básico + Mod.Fiscal - received: Tue Jun 13 13:53:22 ART 2023
2023-06-21T07:19:32.593-03:00  INFO 23904 --- [scheduling-1] com.megabares.api.util.EmailProcess      : Email cliente: contacto@chefguru.com.ar
2023-06-21T07:19:32.596-03:00  INFO 23904 --- [scheduling-1] com.megabares.api.util.EmailProcess      : Teléfono cliente: N/A
2023-06-21T07:19:32.597-03:00  INFO 23904 --- [scheduling-1] com.megabares.api.util.EmailProcess      : Total acreditado: 2891.40
2023-06-21T07:19:32.622-03:00  INFO 23904 --- [scheduling-1] com.megabares.api.util.EmailProcess      : Referencia de Pago: 59279917771
2023-06-21T07:19:32.652-03:00  INFO 23904 --- [scheduling-1] com.megabares.api.util.EmailProcess      : Referencia Megabares: LIC002
2023-06-21T07:19:59.408-03:00  INFO 23904 --- [scheduling-1] com.megabares.api.util.EmailProcess      : se crea nuevo periodo de pago: PeriodoPago{desde=2023-08-16 07:40:58.0, hasta=Sat Sep 16 07:40:58 ART 2023, codigo=3, semilla=2, multiplicador=1, numero=37}
2023-06-21T07:23:18.780-03:00  INFO 8536 --- [restartedMain] c.megabares.api.ApiMegabaresApplication  : Starting ApiMegabaresApplication using Java 17 with PID 8536 (F:\user\Documents\dev\Proyectos\api-megabares\api\target\classes started by Francisco in F:\user\Documents\dev\Proyectos\api-megabares\api)
2023-06-21T07:23:18.786-03:00  INFO 8536 --- [restartedMain] c.megabares.api.ApiMegabaresApplication  : No active profile set, falling back to 1 default profile: "default"
2023-06-21T07:23:18.866-03:00  INFO 8536 --- [restartedMain] .e.DevToolsPropertyDefaultsPostProcessor : Devtools property defaults active! Set 'spring.devtools.add-properties' to 'false' to disable
2023-06-21T07:23:18.866-03:00  INFO 8536 --- [restartedMain] .e.DevToolsPropertyDefaultsPostProcessor : For additional web related logging consider setting the 'logging.level.web' property to 'DEBUG'
2023-06-21T07:23:19.739-03:00  INFO 8536 --- [restartedMain] .s.d.r.c.RepositoryConfigurationDelegate : Multiple Spring Data modules found, entering strict repository configuration mode
2023-06-21T07:23:19.742-03:00  INFO 8536 --- [restartedMain] .s.d.r.c.RepositoryConfigurationDelegate : Bootstrapping Spring Data JDBC repositories in DEFAULT mode.
2023-06-21T07:23:19.811-03:00  INFO 8536 --- [restartedMain] .RepositoryConfigurationExtensionSupport : Spring Data JDBC - Could not safely identify store assignment for repository candidate interface com.megabares.api.repositories.ClienteRepository; If you want this repository to be a JDBC repository, consider annotating your entities with one of these annotations: org.springframework.data.relational.core.mapping.Table.
2023-06-21T07:23:19.814-03:00  INFO 8536 --- [restartedMain] .RepositoryConfigurationExtensionSupport : Spring Data JDBC - Could not safely identify store assignment for repository candidate interface com.megabares.api.repositories.CobroRepository; If you want this repository to be a JDBC repository, consider annotating your entities with one of these annotations: org.springframework.data.relational.core.mapping.Table.
2023-06-21T07:23:19.816-03:00  INFO 8536 --- [restartedMain] .RepositoryConfigurationExtensionSupport : Spring Data JDBC - Could not safely identify store assignment for repository candidate interface com.megabares.api.repositories.EmailRepository; If you want this repository to be a JDBC repository, consider annotating your entities with one of these annotations: org.springframework.data.relational.core.mapping.Table.
2023-06-21T07:23:19.818-03:00  INFO 8536 --- [restartedMain] .RepositoryConfigurationExtensionSupport : Spring Data JDBC - Could not safely identify store assignment for repository candidate interface com.megabares.api.repositories.ModuloRepository; If you want this repository to be a JDBC repository, consider annotating your entities with one of these annotations: org.springframework.data.relational.core.mapping.Table.
2023-06-21T07:23:19.820-03:00  INFO 8536 --- [restartedMain] .RepositoryConfigurationExtensionSupport : Spring Data JDBC - Could not safely identify store assignment for repository candidate interface com.megabares.api.repositories.PeriodoRepository; If you want this repository to be a JDBC repository, consider annotating your entities with one of these annotations: org.springframework.data.relational.core.mapping.Table.
2023-06-21T07:23:19.820-03:00  INFO 8536 --- [restartedMain] .s.d.r.c.RepositoryConfigurationDelegate : Finished Spring Data repository scanning in 68 ms. Found 0 JDBC repository interfaces.
2023-06-21T07:23:19.831-03:00  INFO 8536 --- [restartedMain] .s.d.r.c.RepositoryConfigurationDelegate : Multiple Spring Data modules found, entering strict repository configuration mode
2023-06-21T07:23:19.832-03:00  INFO 8536 --- [restartedMain] .s.d.r.c.RepositoryConfigurationDelegate : Bootstrapping Spring Data JPA repositories in DEFAULT mode.
2023-06-21T07:23:19.881-03:00  INFO 8536 --- [restartedMain] .s.d.r.c.RepositoryConfigurationDelegate : Finished Spring Data repository scanning in 43 ms. Found 5 JPA repository interfaces.
2023-06-21T07:23:20.784-03:00  INFO 8536 --- [restartedMain] o.s.b.w.embedded.tomcat.TomcatWebServer  : Tomcat initialized with port(s): 8097 (http)
2023-06-21T07:23:20.804-03:00  INFO 8536 --- [restartedMain] o.apache.catalina.core.StandardService   : Starting service [Tomcat]
2023-06-21T07:23:20.804-03:00  INFO 8536 --- [restartedMain] o.apache.catalina.core.StandardEngine    : Starting Servlet engine: [Apache Tomcat/10.1.4]
2023-06-21T07:23:20.909-03:00  INFO 8536 --- [restartedMain] o.a.c.c.C.[.[localhost].[/mega-api]      : Initializing Spring embedded WebApplicationContext
2023-06-21T07:23:20.910-03:00  INFO 8536 --- [restartedMain] w.s.c.ServletWebServerApplicationContext : Root WebApplicationContext: initialization completed in 2043 ms
2023-06-21T07:23:21.103-03:00  INFO 8536 --- [restartedMain] com.zaxxer.hikari.HikariDataSource       : HikariPool-1 - Starting...
2023-06-21T07:23:21.472-03:00  INFO 8536 --- [restartedMain] com.zaxxer.hikari.pool.HikariPool        : HikariPool-1 - Added connection com.mysql.cj.jdbc.ConnectionImpl@ec9d667
2023-06-21T07:23:21.473-03:00  INFO 8536 --- [restartedMain] com.zaxxer.hikari.HikariDataSource       : HikariPool-1 - Start completed.
2023-06-21T07:23:22.104-03:00  INFO 8536 --- [restartedMain] SQL dialect                              : HHH000400: Using dialect: org.hibernate.dialect.MySQLDialect
2023-06-21T07:23:23.317-03:00  INFO 8536 --- [restartedMain] j.LocalContainerEntityManagerFactoryBean : Initialized JPA EntityManagerFactory for persistence unit 'default'
2023-06-21T07:23:24.429-03:00  WARN 8536 --- [restartedMain] JpaBaseConfiguration$JpaWebConfiguration : spring.jpa.open-in-view is enabled by default. Therefore, database queries may be performed during view rendering. Explicitly configure spring.jpa.open-in-view to disable this warning
2023-06-21T07:23:24.967-03:00  INFO 8536 --- [restartedMain] o.s.b.d.a.OptionalLiveReloadServer       : LiveReload server is running on port 35729
2023-06-21T07:23:25.018-03:00  INFO 8536 --- [restartedMain] o.s.b.w.embedded.tomcat.TomcatWebServer  : Tomcat started on port(s): 8097 (http) with context path '/mega-api'
2023-06-21T07:23:25.033-03:00  INFO 8536 --- [restartedMain] c.megabares.api.ApiMegabaresApplication  : Started ApiMegabaresApplication in 6.913 seconds (process running for 7.438)
2023-06-21T07:23:35.038-03:00  INFO 8536 --- [scheduling-1] com.megabares.api.util.EmailProcess      : monitoreo...
2023-06-21T07:23:35.040-03:00  INFO 8536 --- [scheduling-1] com.megabares.api.util.EmailProcess      : processEmails...
2023-06-21T07:23:35.694-03:00  INFO 8536 --- [scheduling-1] com.megabares.api.util.EmailProcess      : Procesando Pago... - subject: Recibiste un pago por Plan Básico + Mod.Fiscal - received: Tue Jun 13 13:53:22 ART 2023
2023-06-21T07:23:35.963-03:00  INFO 8536 --- [scheduling-1] com.megabares.api.util.EmailProcess      : Email cliente: contacto@chefguru.com.ar
2023-06-21T07:23:35.967-03:00  INFO 8536 --- [scheduling-1] com.megabares.api.util.EmailProcess      : Teléfono cliente: N/A
2023-06-21T07:23:35.968-03:00  INFO 8536 --- [scheduling-1] com.megabares.api.util.EmailProcess      : Total acreditado: 2891.40
2023-06-21T07:23:36.009-03:00  INFO 8536 --- [scheduling-1] com.megabares.api.util.EmailProcess      : Referencia de Pago: 59279917771
2023-06-21T07:23:36.056-03:00  INFO 8536 --- [scheduling-1] com.megabares.api.util.EmailProcess      : Referencia Megabares: LIC002
2023-06-21T07:23:54.462-03:00  INFO 8536 --- [scheduling-1] com.megabares.api.util.EmailProcess      : Nuevo Periodo: PeriodoPago{desde=2023-09-16 07:40:58.0, hasta=Mon Oct 16 07:40:58 ART 2023, codigo=4, semilla=2, multiplicador=1, numero=38}
2023-06-21T07:24:05.303-03:00 ERROR 8536 --- [scheduling-1] com.megabares.api.util.EmailProcess      : Error al procesar envio/pago de dinero

org.springframework.dao.InvalidDataAccessApiUsageException: detached entity passed to persist: com.megabares.api.data.Ingreso
	at org.springframework.orm.jpa.vendor.HibernateJpaDialect.convertHibernateAccessException(HibernateJpaDialect.java:290) ~[spring-orm-6.0.3.jar:6.0.3]
	at org.springframework.orm.jpa.vendor.HibernateJpaDialect.translateExceptionIfPossible(HibernateJpaDialect.java:233) ~[spring-orm-6.0.3.jar:6.0.3]
	at org.springframework.orm.jpa.AbstractEntityManagerFactoryBean.translateExceptionIfPossible(AbstractEntityManagerFactoryBean.java:550) ~[spring-orm-6.0.3.jar:6.0.3]
	at org.springframework.dao.support.ChainedPersistenceExceptionTranslator.translateExceptionIfPossible(ChainedPersistenceExceptionTranslator.java:61) ~[spring-tx-6.0.3.jar:6.0.3]
	at org.springframework.dao.support.DataAccessUtils.translateIfNecessary(DataAccessUtils.java:242) ~[spring-tx-6.0.3.jar:6.0.3]
	at org.springframework.dao.support.PersistenceExceptionTranslationInterceptor.invoke(PersistenceExceptionTranslationInterceptor.java:152) ~[spring-tx-6.0.3.jar:6.0.3]
	at org.springframework.aop.framework.ReflectiveMethodInvocation.proceed(ReflectiveMethodInvocation.java:184) ~[spring-aop-6.0.3.jar:6.0.3]
	at org.springframework.data.jpa.repository.support.CrudMethodMetadataPostProcessor$CrudMethodMetadataPopulatingMethodInterceptor.invoke(CrudMethodMetadataPostProcessor.java:163) ~[spring-data-jpa-3.0.0.jar:3.0.0]
	at org.springframework.aop.framework.ReflectiveMethodInvocation.proceed(ReflectiveMethodInvocation.java:184) ~[spring-aop-6.0.3.jar:6.0.3]
	at org.springframework.aop.interceptor.ExposeInvocationInterceptor.invoke(ExposeInvocationInterceptor.java:97) ~[spring-aop-6.0.3.jar:6.0.3]
	at org.springframework.aop.framework.ReflectiveMethodInvocation.proceed(ReflectiveMethodInvocation.java:184) ~[spring-aop-6.0.3.jar:6.0.3]
	at org.springframework.aop.framework.JdkDynamicAopProxy.invoke(JdkDynamicAopProxy.java:218) ~[spring-aop-6.0.3.jar:6.0.3]
	at jdk.proxy4/jdk.proxy4.$Proxy126.saveAndFlush(Unknown Source) ~[na:na]
	at com.megabares.api.util.EmailProcess.procesarPago(EmailProcess.java:1115) ~[classes/:na]
	at com.megabares.api.util.EmailProcess.processEmails(EmailProcess.java:247) ~[classes/:na]
	at com.megabares.api.util.EmailProcess.monitor(EmailProcess.java:134) ~[classes/:na]
	at com.megabares.api.service.MailProcess.tarea3(MailProcess.java:28) ~[classes/:na]
	at java.base/jdk.internal.reflect.NativeMethodAccessorImpl.invoke0(Native Method) ~[na:na]
	at java.base/jdk.internal.reflect.NativeMethodAccessorImpl.invoke(NativeMethodAccessorImpl.java:77) ~[na:na]
	at java.base/jdk.internal.reflect.DelegatingMethodAccessorImpl.invoke(DelegatingMethodAccessorImpl.java:43) ~[na:na]
	at java.base/java.lang.reflect.Method.invoke(Method.java:568) ~[na:na]
	at org.springframework.scheduling.support.ScheduledMethodRunnable.run(ScheduledMethodRunnable.java:84) ~[spring-context-6.0.3.jar:6.0.3]
	at org.springframework.scheduling.support.DelegatingErrorHandlingRunnable.run(DelegatingErrorHandlingRunnable.java:54) ~[spring-context-6.0.3.jar:6.0.3]
	at java.base/java.util.concurrent.Executors$RunnableAdapter.call(Executors.java:539) ~[na:na]
	at java.base/java.util.concurrent.FutureTask.runAndReset(FutureTask.java:305) ~[na:na]
	at java.base/java.util.concurrent.ScheduledThreadPoolExecutor$ScheduledFutureTask.run(ScheduledThreadPoolExecutor.java:305) ~[na:na]
	at java.base/java.util.concurrent.ThreadPoolExecutor.runWorker(ThreadPoolExecutor.java:1136) ~[na:na]
	at java.base/java.util.concurrent.ThreadPoolExecutor$Worker.run(ThreadPoolExecutor.java:635) ~[na:na]
	at java.base/java.lang.Thread.run(Thread.java:833) ~[na:na]
Caused by: org.hibernate.PersistentObjectException: detached entity passed to persist: com.megabares.api.data.Ingreso
	at org.hibernate.event.internal.DefaultPersistEventListener.onPersist(DefaultPersistEventListener.java:121) ~[hibernate-core-6.1.6.Final.jar:6.1.6.Final]
	at org.hibernate.event.service.internal.EventListenerGroupImpl.fireEventOnEachListener(EventListenerGroupImpl.java:118) ~[hibernate-core-6.1.6.Final.jar:6.1.6.Final]
	at org.hibernate.internal.SessionImpl.firePersist(SessionImpl.java:779) ~[hibernate-core-6.1.6.Final.jar:6.1.6.Final]
	at org.hibernate.internal.SessionImpl.persist(SessionImpl.java:727) ~[hibernate-core-6.1.6.Final.jar:6.1.6.Final]
	at org.hibernate.engine.spi.CascadingActions$7.cascade(CascadingActions.java:301) ~[hibernate-core-6.1.6.Final.jar:6.1.6.Final]
	at org.hibernate.engine.spi.CascadingActions$7.cascade(CascadingActions.java:291) ~[hibernate-core-6.1.6.Final.jar:6.1.6.Final]
	at org.hibernate.engine.internal.Cascade.cascadeToOne(Cascade.java:513) ~[hibernate-core-6.1.6.Final.jar:6.1.6.Final]
	at org.hibernate.engine.internal.Cascade.cascadeAssociation(Cascade.java:434) ~[hibernate-core-6.1.6.Final.jar:6.1.6.Final]
	at org.hibernate.engine.internal.Cascade.cascadeProperty(Cascade.java:220) ~[hibernate-core-6.1.6.Final.jar:6.1.6.Final]
	at org.hibernate.engine.internal.Cascade.cascade(Cascade.java:153) ~[hibernate-core-6.1.6.Final.jar:6.1.6.Final]
	at org.hibernate.event.internal.AbstractSaveEventListener.cascadeBeforeSave(AbstractSaveEventListener.java:442) ~[hibernate-core-6.1.6.Final.jar:6.1.6.Final]
	at org.hibernate.event.internal.AbstractSaveEventListener.performSaveOrReplicate(AbstractSaveEventListener.java:263) ~[hibernate-core-6.1.6.Final.jar:6.1.6.Final]
	at org.hibernate.event.internal.AbstractSaveEventListener.performSave(AbstractSaveEventListener.java:192) ~[hibernate-core-6.1.6.Final.jar:6.1.6.Final]
	at org.hibernate.event.internal.AbstractSaveEventListener.saveWithGeneratedId(AbstractSaveEventListener.java:122) ~[hibernate-core-6.1.6.Final.jar:6.1.6.Final]
	at org.hibernate.event.internal.DefaultPersistEventListener.entityIsTransient(DefaultPersistEventListener.java:184) ~[hibernate-core-6.1.6.Final.jar:6.1.6.Final]
	at org.hibernate.event.internal.DefaultPersistEventListener.onPersist(DefaultPersistEventListener.java:129) ~[hibernate-core-6.1.6.Final.jar:6.1.6.Final]
	at org.hibernate.event.internal.DefaultPersistEventListener.onPersist(DefaultPersistEventListener.java:53) ~[hibernate-core-6.1.6.Final.jar:6.1.6.Final]
	at org.hibernate.event.service.internal.EventListenerGroupImpl.fireEventOnEachListener(EventListenerGroupImpl.java:107) ~[hibernate-core-6.1.6.Final.jar:6.1.6.Final]
	at org.hibernate.internal.SessionImpl.firePersist(SessionImpl.java:737) ~[hibernate-core-6.1.6.Final.jar:6.1.6.Final]
	at org.hibernate.internal.SessionImpl.persist(SessionImpl.java:721) ~[hibernate-core-6.1.6.Final.jar:6.1.6.Final]
	at java.base/jdk.internal.reflect.NativeMethodAccessorImpl.invoke0(Native Method) ~[na:na]
	at java.base/jdk.internal.reflect.NativeMethodAccessorImpl.invoke(NativeMethodAccessorImpl.java:77) ~[na:na]
	at java.base/jdk.internal.reflect.DelegatingMethodAccessorImpl.invoke(DelegatingMethodAccessorImpl.java:43) ~[na:na]
	at java.base/java.lang.reflect.Method.invoke(Method.java:568) ~[na:na]
	at org.springframework.orm.jpa.SharedEntityManagerCreator$SharedEntityManagerInvocationHandler.invoke(SharedEntityManagerCreator.java:307) ~[spring-orm-6.0.3.jar:6.0.3]
	at jdk.proxy4/jdk.proxy4.$Proxy121.persist(Unknown Source) ~[na:na]
	at org.springframework.data.jpa.repository.support.SimpleJpaRepository.save(SimpleJpaRepository.java:610) ~[spring-data-jpa-3.0.0.jar:3.0.0]
	at org.springframework.data.jpa.repository.support.SimpleJpaRepository.saveAndFlush(SimpleJpaRepository.java:621) ~[spring-data-jpa-3.0.0.jar:3.0.0]
	at java.base/jdk.internal.reflect.NativeMethodAccessorImpl.invoke0(Native Method) ~[na:na]
	at java.base/jdk.internal.reflect.NativeMethodAccessorImpl.invoke(NativeMethodAccessorImpl.java:77) ~[na:na]
	at java.base/jdk.internal.reflect.DelegatingMethodAccessorImpl.invoke(DelegatingMethodAccessorImpl.java:43) ~[na:na]
	at java.base/java.lang.reflect.Method.invoke(Method.java:568) ~[na:na]
	at org.springframework.data.repository.core.support.RepositoryMethodInvoker$RepositoryFragmentMethodInvoker.lambda$new$0(RepositoryMethodInvoker.java:288) ~[spring-data-commons-3.0.0.jar:3.0.0]
	at org.springframework.data.repository.core.support.RepositoryMethodInvoker.doInvoke(RepositoryMethodInvoker.java:136) ~[spring-data-commons-3.0.0.jar:3.0.0]
	at org.springframework.data.repository.core.support.RepositoryMethodInvoker.invoke(RepositoryMethodInvoker.java:120) ~[spring-data-commons-3.0.0.jar:3.0.0]
	at org.springframework.data.repository.core.support.RepositoryComposition$RepositoryFragments.invoke(RepositoryComposition.java:516) ~[spring-data-commons-3.0.0.jar:3.0.0]
	at org.springframework.data.repository.core.support.RepositoryComposition.invoke(RepositoryComposition.java:285) ~[spring-data-commons-3.0.0.jar:3.0.0]
	at org.springframework.data.repository.core.support.RepositoryFactorySupport$ImplementationMethodExecutionInterceptor.invoke(RepositoryFactorySupport.java:628) ~[spring-data-commons-3.0.0.jar:3.0.0]
	at org.springframework.aop.framework.ReflectiveMethodInvocation.proceed(ReflectiveMethodInvocation.java:184) ~[spring-aop-6.0.3.jar:6.0.3]
	at org.springframework.data.repository.core.support.QueryExecutorMethodInterceptor.doInvoke(QueryExecutorMethodInterceptor.java:168) ~[spring-data-commons-3.0.0.jar:3.0.0]
	at org.springframework.data.repository.core.support.QueryExecutorMethodInterceptor.invoke(QueryExecutorMethodInterceptor.java:143) ~[spring-data-commons-3.0.0.jar:3.0.0]
	at org.springframework.aop.framework.ReflectiveMethodInvocation.proceed(ReflectiveMethodInvocation.java:184) ~[spring-aop-6.0.3.jar:6.0.3]
	at org.springframework.data.projection.DefaultMethodInvokingMethodInterceptor.invoke(DefaultMethodInvokingMethodInterceptor.java:77) ~[spring-data-commons-3.0.0.jar:3.0.0]
	at org.springframework.aop.framework.ReflectiveMethodInvocation.proceed(ReflectiveMethodInvocation.java:184) ~[spring-aop-6.0.3.jar:6.0.3]
	at org.springframework.transaction.interceptor.TransactionInterceptor$1.proceedWithInvocation(TransactionInterceptor.java:123) ~[spring-tx-6.0.3.jar:6.0.3]
	at org.springframework.transaction.interceptor.TransactionAspectSupport.invokeWithinTransaction(TransactionAspectSupport.java:388) ~[spring-tx-6.0.3.jar:6.0.3]
	at org.springframework.transaction.interceptor.TransactionInterceptor.invoke(TransactionInterceptor.java:119) ~[spring-tx-6.0.3.jar:6.0.3]
	at org.springframework.aop.framework.ReflectiveMethodInvocation.proceed(ReflectiveMethodInvocation.java:184) ~[spring-aop-6.0.3.jar:6.0.3]
	at org.springframework.dao.support.PersistenceExceptionTranslationInterceptor.invoke(PersistenceExceptionTranslationInterceptor.java:137) ~[spring-tx-6.0.3.jar:6.0.3]
	... 23 common frames omitted

2023-06-21T07:24:05.308-03:00  INFO 8536 --- [scheduling-1] com.megabares.api.util.EmailProcess      : 
******* TOTALES *******
 - 1 pagos recibidos
TOTAL: 1 Recibidos.
2023-06-21T07:24:05.367-03:00  INFO 8536 --- [scheduling-1] com.megabares.api.util.EmailProcess      : monitoreo...
2023-06-21T07:24:05.368-03:00  INFO 8536 --- [scheduling-1] com.megabares.api.util.EmailProcess      : processEmails...
2023-06-21T07:24:05.808-03:00  INFO 8536 --- [scheduling-1] com.megabares.api.util.EmailProcess      : 
******* TOTALES *******
TOTAL: 0 Recibidos.
2023-06-21T07:24:35.035-03:00  INFO 8536 --- [scheduling-1] com.megabares.api.util.EmailProcess      : monitoreo...
2023-06-21T07:24:35.035-03:00  INFO 8536 --- [scheduling-1] com.megabares.api.util.EmailProcess      : processEmails...
2023-06-21T07:24:35.446-03:00  INFO 8536 --- [scheduling-1] com.megabares.api.util.EmailProcess      : 
******* TOTALES *******
TOTAL: 0 Recibidos.
2023-06-21T07:25:05.042-03:00  INFO 8536 --- [scheduling-1] com.megabares.api.util.EmailProcess      : monitoreo...
2023-06-21T07:25:05.042-03:00  INFO 8536 --- [scheduling-1] com.megabares.api.util.EmailProcess      : processEmails...
2023-06-21T07:25:05.462-03:00  INFO 8536 --- [scheduling-1] com.megabares.api.util.EmailProcess      : 
******* TOTALES *******
TOTAL: 0 Recibidos.
